<?xml version="1.0" encoding="UTF-8"?>
<coverage generated="1771796920374" clover="3.2.0">
  <project timestamp="1771796920374" name="All files">
    <metrics statements="8" coveredstatements="8" conditionals="44" coveredconditionals="23" methods="2" coveredmethods="2" elements="54" coveredelements="33" complexity="0" loc="8" ncloc="8" packages="1" files="1" classes="1"/>
    <file name="card.tsx" path="D:\ManuelAznarPractica3ListaProductos\ProyectoGameVerse\app\componentes\card.tsx">
      <metrics statements="8" coveredstatements="8" conditionals="44" coveredconditionals="23" methods="2" coveredmethods="2"/>
      <line num="14" count="1" type="stmt"/>
      <line num="15" count="1" type="stmt"/>
      <line num="16" count="1" type="stmt"/>
      <line num="17" count="1" type="stmt"/>
      <line num="19" count="1" type="stmt"/>
      <line num="21" count="1" type="stmt"/>
      <line num="77" count="1" type="stmt"/>
      <line num="80" count="1" type="stmt"/>
    </file>
  </project>
</coverage>
