{"D:\\ManuelAznarPractica3ListaProductos\\ProyectoGameVerse\\app\\themeContext.js": {"path":"D:\\ManuelAznarPractica3ListaProductos\\ProyectoGameVerse\\app\\themeContext.js","statementMap":{"0":{"start":{"line":3,"column":28},"end":{"line":6,"column":2}},"1":{"start":{"line":9,"column":28},"end":{"line":9,"column":45}},"2":{"start":{"line":10,"column":22},"end":{"line":10,"column":79}},"3":{"start":{"line":10,"column":28},"end":{"line":10,"column":79}},"4":{"start":{"line":10,"column":45},"end":{"line":10,"column":77}},"5":{"start":{"line":12,"column":2},"end":{"line":16,"column":4}}},"fnMap":{"0":{"name":"(anonymous_0)","decl":{"start":{"line":5,"column":15},"end":{"line":5,"column":16}},"loc":{"start":{"line":5,"column":21},"end":{"line":5,"column":23}},"line":5},"1":{"name":"ThemeProvider","decl":{"start":{"line":8,"column":16},"end":{"line":8,"column":29}},"loc":{"start":{"line":8,"column":44},"end":{"line":17,"column":1}},"line":8},"2":{"name":"(anonymous_2)","decl":{"start":{"line":10,"column":22},"end":{"line":10,"column":23}},"loc":{"start":{"line":10,"column":28},"end":{"line":10,"column":79}},"line":10},"3":{"name":"(anonymous_3)","decl":{"start":{"line":10,"column":37},"end":{"line":10,"column":38}},"loc":{"start":{"line":10,"column":45},"end":{"line":10,"column":77}},"line":10}},"branchMap":{"0":{"loc":{"start":{"line":10,"column":45},"end":{"line":10,"column":77}},"type":"cond-expr","locations":[{"start":{"line":10,"column":61},"end":{"line":10,"column":67}},{"start":{"line":10,"column":70},"end":{"line":10,"column":77}}],"line":10}},"s":{"0":1,"1":0,"2":0,"3":0,"4":0,"5":0},"f":{"0":0,"1":0,"2":0,"3":0},"b":{"0":[0,0]},"_coverageSchema":"1a1c01bbd47fc00a2c39e90264f33305004495a9","hash":"be8b098881df58412e81088d8ec5b18399772cf6"}
,"D:\\ManuelAznarPractica3ListaProductos\\ProyectoGameVerse\\app\\componentes\\card.tsx": {"path":"D:\\ManuelAznarPractica3ListaProductos\\ProyectoGameVerse\\app\\componentes\\card.tsx","statementMap":{"0":{"start":{"line":14,"column":23},"end":{"line":14,"column":35}},"1":{"start":{"line":15,"column":20},"end":{"line":15,"column":44}},"2":{"start":{"line":16,"column":20},"end":{"line":16,"column":41}},"3":{"start":{"line":17,"column":17},"end":{"line":17,"column":33}},"4":{"start":{"line":19,"column":24},"end":{"line":19,"column":35}},"5":{"start":{"line":21,"column":29},"end":{"line":75,"column":3}},"6":{"start":{"line":77,"column":2},"end":{"line":129,"column":4}},"7":{"start":{"line":80,"column":23},"end":{"line":80,"column":42}}},"fnMap":{"0":{"name":"DetalleProducto","decl":{"start":{"line":13,"column":24},"end":{"line":13,"column":39}},"loc":{"start":{"line":13,"column":68},"end":{"line":130,"column":1}},"line":13},"1":{"name":"(anonymous_1)","decl":{"start":{"line":80,"column":17},"end":{"line":80,"column":18}},"loc":{"start":{"line":80,"column":23},"end":{"line":80,"column":42}},"line":80}},"branchMap":{"0":{"loc":{"start":{"line":23,"column":21},"end":{"line":23,"column":53}},"type":"cond-expr","locations":[{"start":{"line":23,"column":37},"end":{"line":23,"column":45}},{"start":{"line":23,"column":48},"end":{"line":23,"column":53}}],"line":23},"1":{"loc":{"start":{"line":24,"column":24},"end":{"line":24,"column":47}},"type":"cond-expr","locations":[{"start":{"line":24,"column":40},"end":{"line":24,"column":42}},{"start":{"line":24,"column":45},"end":{"line":24,"column":47}}],"line":24},"2":{"loc":{"start":{"line":27,"column":15},"end":{"line":27,"column":38}},"type":"cond-expr","locations":[{"start":{"line":27,"column":31},"end":{"line":27,"column":33}},{"start":{"line":27,"column":36},"end":{"line":27,"column":38}}],"line":27},"3":{"loc":{"start":{"line":28,"column":11},"end":{"line":28,"column":34}},"type":"cond-expr","locations":[{"start":{"line":28,"column":27},"end":{"line":28,"column":29}},{"start":{"line":28,"column":32},"end":{"line":28,"column":34}}],"line":28},"4":{"loc":{"start":{"line":31,"column":12},"end":{"line":31,"column":33}},"type":"cond-expr","locations":[{"start":{"line":31,"column":28},"end":{"line":31,"column":29}},{"start":{"line":31,"column":32},"end":{"line":31,"column":33}}],"line":31},"5":{"loc":{"start":{"line":32,"column":17},"end":{"line":32,"column":56}},"type":"cond-expr","locations":[{"start":{"line":32,"column":33},"end":{"line":32,"column":41}},{"start":{"line":32,"column":44},"end":{"line":32,"column":56}}],"line":32},"6":{"loc":{"start":{"line":33,"column":13},"end":{"line":33,"column":46}},"type":"cond-expr","locations":[{"start":{"line":33,"column":29},"end":{"line":33,"column":34}},{"start":{"line":33,"column":37},"end":{"line":33,"column":46}}],"line":33},"7":{"loc":{"start":{"line":36,"column":12},"end":{"line":36,"column":35}},"type":"cond-expr","locations":[{"start":{"line":36,"column":28},"end":{"line":36,"column":29}},{"start":{"line":36,"column":32},"end":{"line":36,"column":35}}],"line":36},"8":{"loc":{"start":{"line":40,"column":16},"end":{"line":40,"column":39}},"type":"cond-expr","locations":[{"start":{"line":40,"column":32},"end":{"line":40,"column":34}},{"start":{"line":40,"column":37},"end":{"line":40,"column":39}}],"line":40},"9":{"loc":{"start":{"line":43,"column":17},"end":{"line":43,"column":39}},"type":"cond-expr","locations":[{"start":{"line":43,"column":33},"end":{"line":43,"column":35}},{"start":{"line":43,"column":38},"end":{"line":43,"column":39}}],"line":43},"10":{"loc":{"start":{"line":46,"column":21},"end":{"line":46,"column":53}},"type":"cond-expr","locations":[{"start":{"line":46,"column":37},"end":{"line":46,"column":45}},{"start":{"line":46,"column":48},"end":{"line":46,"column":53}}],"line":46},"11":{"loc":{"start":{"line":47,"column":18},"end":{"line":47,"column":54}},"type":"cond-expr","locations":[{"start":{"line":47,"column":34},"end":{"line":47,"column":43}},{"start":{"line":47,"column":46},"end":{"line":47,"column":54}}],"line":47},"12":{"loc":{"start":{"line":48,"column":22},"end":{"line":48,"column":68}},"type":"cond-expr","locations":[{"start":{"line":48,"column":38},"end":{"line":48,"column":50}},{"start":{"line":48,"column":53},"end":{"line":48,"column":68}}],"line":48},"13":{"loc":{"start":{"line":53,"column":11},"end":{"line":53,"column":32}},"type":"cond-expr","locations":[{"start":{"line":53,"column":27},"end":{"line":53,"column":28}},{"start":{"line":53,"column":31},"end":{"line":53,"column":32}}],"line":53},"14":{"loc":{"start":{"line":56,"column":12},"end":{"line":56,"column":41}},"type":"cond-expr","locations":[{"start":{"line":56,"column":28},"end":{"line":56,"column":29}},{"start":{"line":56,"column":32},"end":{"line":56,"column":41}}],"line":56},"15":{"loc":{"start":{"line":57,"column":14},"end":{"line":57,"column":44}},"type":"cond-expr","locations":[{"start":{"line":57,"column":30},"end":{"line":57,"column":39}},{"start":{"line":57,"column":42},"end":{"line":57,"column":44}}],"line":57},"16":{"loc":{"start":{"line":64,"column":23},"end":{"line":64,"column":53}},"type":"cond-expr","locations":[{"start":{"line":64,"column":32},"end":{"line":64,"column":41}},{"start":{"line":64,"column":44},"end":{"line":64,"column":53}}],"line":64},"17":{"loc":{"start":{"line":67,"column":13},"end":{"line":67,"column":37}},"type":"cond-expr","locations":[{"start":{"line":67,"column":22},"end":{"line":67,"column":28}},{"start":{"line":67,"column":31},"end":{"line":67,"column":37}}],"line":67},"18":{"loc":{"start":{"line":70,"column":23},"end":{"line":70,"column":61}},"type":"cond-expr","locations":[{"start":{"line":70,"column":32},"end":{"line":70,"column":52}},{"start":{"line":70,"column":55},"end":{"line":70,"column":61}}],"line":70},"19":{"loc":{"start":{"line":73,"column":13},"end":{"line":73,"column":40}},"type":"cond-expr","locations":[{"start":{"line":73,"column":22},"end":{"line":73,"column":31}},{"start":{"line":73,"column":34},"end":{"line":73,"column":40}}],"line":73},"20":{"loc":{"start":{"line":110,"column":15},"end":{"line":112,"column":43}},"type":"cond-expr","locations":[{"start":{"line":111,"column":18},"end":{"line":111,"column":32}},{"start":{"line":112,"column":18},"end":{"line":112,"column":43}}],"line":110},"21":{"loc":{"start":{"line":123,"column":13},"end":{"line":124,"column":73}},"type":"binary-expr","locations":[{"start":{"line":123,"column":13},"end":{"line":123,"column":33}},{"start":{"line":124,"column":14},"end":{"line":124,"column":73}}],"line":123}},"s":{"0":2,"1":2,"2":2,"3":2,"4":2,"5":2,"6":2,"7":1},"f":{"0":2,"1":1},"b":{"0":[2,0],"1":[2,0],"2":[2,0],"3":[2,0],"4":[2,0],"5":[2,0],"6":[2,0],"7":[2,0],"8":[2,0],"9":[2,0],"10":[2,0],"11":[2,0],"12":[2,0],"13":[2,0],"14":[2,0],"15":[2,0],"16":[0,2],"17":[0,2],"18":[0,2],"19":[0,2],"20":[0,2],"21":[2,0]},"_coverageSchema":"1a1c01bbd47fc00a2c39e90264f33305004495a9","hash":"b52d2749dc7b06ae63425a57ba9b6f8b52db5428"}
,"D:\\ManuelAznarPractica3ListaProductos\\ProyectoGameVerse\\app\\estilos\\cardStyles.ts": {"path":"D:\\ManuelAznarPractica3ListaProductos\\ProyectoGameVerse\\app\\estilos\\cardStyles.ts","statementMap":{"0":{"start":{"line":3,"column":22},"end":{"line":3,"column":27}},"1":{"start":{"line":5,"column":26},"end":{"line":71,"column":2}}},"fnMap":{},"branchMap":{},"s":{"0":1,"1":1},"f":{},"b":{},"_coverageSchema":"1a1c01bbd47fc00a2c39e90264f33305004495a9","hash":"5cb8fdb9c7c7fefe1e476ab406f3cba716faddb0"}
}
