{"D:\\ManuelAznarPractica3ListaProductos\\ProyectoGameVerse\\app\\componentes\\card.tsx": {"path":"D:\\ManuelAznarPractica3ListaProductos\\ProyectoGameVerse\\app\\componentes\\card.tsx","statementMap":{"0":{"start":{"line":14,"column":23},"end":{"line":14,"column":35}},"1":{"start":{"line":15,"column":20},"end":{"line":15,"column":44}},"2":{"start":{"line":16,"column":20},"end":{"line":16,"column":41}},"3":{"start":{"line":17,"column":17},"end":{"line":17,"column":33}},"4":{"start":{"line":19,"column":24},"end":{"line":19,"column":35}},"5":{"start":{"line":21,"column":29},"end":{"line":75,"column":3}},"6":{"start":{"line":77,"column":2},"end":{"line":129,"column":4}},"7":{"start":{"line":80,"column":23},"end":{"line":80,"column":42}}},"fnMap":{"0":{"name":"DetalleProducto","decl":{"start":{"line":13,"column":24},"end":{"line":13,"column":39}},"loc":{"start":{"line":13,"column":68},"end":{"line":130,"column":1}},"line":13},"1":{"name":"(anonymous_1)","decl":{"start":{"line":80,"column":17},"end":{"line":80,"column":18}},"loc":{"start":{"line":80,"column":23},"end":{"line":80,"column":42}},"line":80}},"branchMap":{"0":{"loc":{"start":{"line":23,"column":21},"end":{"line":23,"column":53}},"type":"cond-expr","locations":[{"start":{"line":23,"column":37},"end":{"line":23,"column":45}},{"start":{"line":23,"column":48},"end":{"line":23,"column":53}}],"line":23},"1":{"loc":{"start":{"line":24,"column":24},"end":{"line":24,"column":47}},"type":"cond-expr","locations":[{"start":{"line":24,"column":40},"end":{"line":24,"column":42}},{"start":{"line":24,"column":45},"end":{"line":24,"column":47}}],"line":24},"2":{"loc":{"start":{"line":27,"column":15},"end":{"line":27,"column":38}},"type":"cond-expr","locations":[{"start":{"line":27,"column":31},"end":{"line":27,"column":33}},{"start":{"line":27,"column":36},"end":{"line":27,"column":38}}],"line":27},"3":{"loc":{"start":{"line":28,"column":11},"end":{"line":28,"column":34}},"type":"cond-expr","locations":[{"start":{"line":28,"column":27},"end":{"line":28,"column":29}},{"start":{"line":28,"column":32},"end":{"line":28,"column":34}}],"line":28},"4":{"loc":{"start":{"line":31,"column":12},"end":{"line":31,"column":33}},"type":"cond-expr","locations":[{"start":{"line":31,"column":28},"end":{"line":31,"column":29}},{"start":{"line":31,"column":32},"end":{"line":31,"column":33}}],"line":31},"5":{"loc":{"start":{"line":32,"column":17},"end":{"line":32,"column":56}},"type":"cond-expr","locations":[{"start":{"line":32,"column":33},"end":{"line":32,"column":41}},{"start":{"line":32,"column":44},"end":{"line":32,"column":56}}],"line":32},"6":{"loc":{"start":{"line":33,"column":13},"end":{"line":33,"column":46}},"type":"cond-expr","locations":[{"start":{"line":33,"column":29},"end":{"line":33,"column":34}},{"start":{"line":33,"column":37},"end":{"line":33,"column":46}}],"line":33},"7":{"loc":{"start":{"line":36,"column":12},"end":{"line":36,"column":35}},"type":"cond-expr","locations":[{"start":{"line":36,"column":28},"end":{"line":36,"column":29}},{"start":{"line":36,"column":32},"end":{"line":36,"column":35}}],"line":36},"8":{"loc":{"start":{"line":40,"column":16},"end":{"line":40,"column":39}},"type":"cond-expr","locations":[{"start":{"line":40,"column":32},"end":{"line":40,"column":34}},{"start":{"line":40,"column":37},"end":{"line":40,"column":39}}],"line":40},"9":{"loc":{"start":{"line":43,"column":17},"end":{"line":43,"column":39}},"type":"cond-expr","locations":[{"start":{"line":43,"column":33},"end":{"line":43,"column":35}},{"start":{"line":43,"column":38},"end":{"line":43,"column":39}}],"line":43},"10":{"loc":{"start":{"line":46,"column":21},"end":{"line":46,"column":53}},"type":"cond-expr","locations":[{"start":{"line":46,"column":37},"end":{"line":46,"column":45}},{"start":{"line":46,"column":48},"end":{"line":46,"column":53}}],"line":46},"11":{"loc":{"start":{"line":47,"column":18},"end":{"line":47,"column":54}},"type":"cond-expr","locations":[{"start":{"line":47,"column":34},"end":{"line":47,"column":43}},{"start":{"line":47,"column":46},"end":{"line":47,"column":54}}],"line":47},"12":{"loc":{"start":{"line":48,"column":22},"end":{"line":48,"column":68}},"type":"cond-expr","locations":[{"start":{"line":48,"column":38},"end":{"line":48,"column":50}},{"start":{"line":48,"column":53},"end":{"line":48,"column":68}}],"line":48},"13":{"loc":{"start":{"line":53,"column":11},"end":{"line":53,"column":32}},"type":"cond-expr","locations":[{"start":{"line":53,"column":27},"end":{"line":53,"column":28}},{"start":{"line":53,"column":31},"end":{"line":53,"column":32}}],"line":53},"14":{"loc":{"start":{"line":56,"column":12},"end":{"line":56,"column":41}},"type":"cond-expr","locations":[{"start":{"line":56,"column":28},"end":{"line":56,"column":29}},{"start":{"line":56,"column":32},"end":{"line":56,"column":41}}],"line":56},"15":{"loc":{"start":{"line":57,"column":14},"end":{"line":57,"column":44}},"type":"cond-expr","locations":[{"start":{"line":57,"column":30},"end":{"line":57,"column":39}},{"start":{"line":57,"column":42},"end":{"line":57,"column":44}}],"line":57},"16":{"loc":{"start":{"line":64,"column":23},"end":{"line":64,"column":53}},"type":"cond-expr","locations":[{"start":{"line":64,"column":32},"end":{"line":64,"column":41}},{"start":{"line":64,"column":44},"end":{"line":64,"column":53}}],"line":64},"17":{"loc":{"start":{"line":67,"column":13},"end":{"line":67,"column":37}},"type":"cond-expr","locations":[{"start":{"line":67,"column":22},"end":{"line":67,"column":28}},{"start":{"line":67,"column":31},"end":{"line":67,"column":37}}],"line":67},"18":{"loc":{"start":{"line":70,"column":23},"end":{"line":70,"column":61}},"type":"cond-expr","locations":[{"start":{"line":70,"column":32},"end":{"line":70,"column":52}},{"start":{"line":70,"column":55},"end":{"line":70,"column":61}}],"line":70},"19":{"loc":{"start":{"line":73,"column":13},"end":{"line":73,"column":40}},"type":"cond-expr","locations":[{"start":{"line":73,"column":22},"end":{"line":73,"column":31}},{"start":{"line":73,"column":34},"end":{"line":73,"column":40}}],"line":73},"20":{"loc":{"start":{"line":110,"column":15},"end":{"line":112,"column":43}},"type":"cond-expr","locations":[{"start":{"line":111,"column":18},"end":{"line":111,"column":32}},{"start":{"line":112,"column":18},"end":{"line":112,"column":43}}],"line":110},"21":{"loc":{"start":{"line":123,"column":13},"end":{"line":124,"column":73}},"type":"binary-expr","locations":[{"start":{"line":123,"column":13},"end":{"line":123,"column":33}},{"start":{"line":124,"column":14},"end":{"line":124,"column":73}}],"line":123}},"s":{"0":1,"1":1,"2":1,"3":1,"4":1,"5":1,"6":1,"7":1},"f":{"0":1,"1":1},"b":{"0":[1,0],"1":[1,0],"2":[1,0],"3":[1,0],"4":[1,0],"5":[1,0],"6":[1,0],"7":[1,0],"8":[1,0],"9":[1,0],"10":[1,0],"11":[1,0],"12":[1,0],"13":[1,0],"14":[1,0],"15":[1,0],"16":[0,1],"17":[0,1],"18":[0,1],"19":[0,1],"20":[0,1],"21":[1,1]},"_coverageSchema":"1a1c01bbd47fc00a2c39e90264f33305004495a9","hash":"b52d2749dc7b06ae63425a57ba9b6f8b52db5428"}
}
