TN:
SF:app\componentes\card.tsx
FN:13,DetalleProducto
FN:80,(anonymous_1)
FNF:2
FNH:2
FNDA:1,DetalleProducto
FNDA:1,(anonymous_1)
DA:14,1
DA:15,1
DA:16,1
DA:17,1
DA:19,1
DA:21,1
DA:77,1
DA:80,1
LF:8
LH:8
BRDA:23,0,0,1
BRDA:23,0,1,0
BRDA:24,1,0,1
BRDA:24,1,1,0
BRDA:27,2,0,1
BRDA:27,2,1,0
BRDA:28,3,0,1
BRDA:28,3,1,0
BRDA:31,4,0,1
BRDA:31,4,1,0
BRDA:32,5,0,1
BRDA:32,5,1,0
BRDA:33,6,0,1
BRDA:33,6,1,0
BRDA:36,7,0,1
BRDA:36,7,1,0
BRDA:40,8,0,1
BRDA:40,8,1,0
BRDA:43,9,0,1
BRDA:43,9,1,0
BRDA:46,10,0,1
BRDA:46,10,1,0
BRDA:47,11,0,1
BRDA:47,11,1,0
BRDA:48,12,0,1
BRDA:48,12,1,0
BRDA:53,13,0,1
BRDA:53,13,1,0
BRDA:56,14,0,1
BRDA:56,14,1,0
BRDA:57,15,0,1
BRDA:57,15,1,0
BRDA:64,16,0,0
BRDA:64,16,1,1
BRDA:67,17,0,0
BRDA:67,17,1,1
BRDA:70,18,0,0
BRDA:70,18,1,1
BRDA:73,19,0,0
BRDA:73,19,1,1
BRDA:110,20,0,0
BRDA:110,20,1,1
BRDA:123,21,0,1
BRDA:123,21,1,1
BRF:44
BRH:23
end_of_record
