TN:
SF:app\themeContext.js
FN:5,(anonymous_0)
FN:8,ThemeProvider
FN:10,(anonymous_2)
FN:10,(anonymous_3)
FNF:4
FNH:0
FNDA:0,(anonymous_0)
FNDA:0,ThemeProvider
FNDA:0,(anonymous_2)
FNDA:0,(anonymous_3)
DA:3,1
DA:9,0
DA:10,0
DA:12,0
LF:4
LH:1
BRDA:10,0,0,0
BRDA:10,0,1,0
BRF:2
BRH:0
end_of_record
TN:
SF:app\componentes\card.tsx
FN:13,DetalleProducto
FN:80,(anonymous_1)
FNF:2
FNH:2
FNDA:2,DetalleProducto
FNDA:1,(anonymous_1)
DA:14,2
DA:15,2
DA:16,2
DA:17,2
DA:19,2
DA:21,2
DA:77,2
DA:80,1
LF:8
LH:8
BRDA:23,0,0,2
BRDA:23,0,1,0
BRDA:24,1,0,2
BRDA:24,1,1,0
BRDA:27,2,0,2
BRDA:27,2,1,0
BRDA:28,3,0,2
BRDA:28,3,1,0
BRDA:31,4,0,2
BRDA:31,4,1,0
BRDA:32,5,0,2
BRDA:32,5,1,0
BRDA:33,6,0,2
BRDA:33,6,1,0
BRDA:36,7,0,2
BRDA:36,7,1,0
BRDA:40,8,0,2
BRDA:40,8,1,0
BRDA:43,9,0,2
BRDA:43,9,1,0
BRDA:46,10,0,2
BRDA:46,10,1,0
BRDA:47,11,0,2
BRDA:47,11,1,0
BRDA:48,12,0,2
BRDA:48,12,1,0
BRDA:53,13,0,2
BRDA:53,13,1,0
BRDA:56,14,0,2
BRDA:56,14,1,0
BRDA:57,15,0,2
BRDA:57,15,1,0
BRDA:64,16,0,0
BRDA:64,16,1,2
BRDA:67,17,0,0
BRDA:67,17,1,2
BRDA:70,18,0,0
BRDA:70,18,1,2
BRDA:73,19,0,0
BRDA:73,19,1,2
BRDA:110,20,0,0
BRDA:110,20,1,2
BRDA:123,21,0,2
BRDA:123,21,1,0
BRF:44
BRH:22
end_of_record
TN:
SF:app\estilos\cardStyles.ts
FNF:0
FNH:0
DA:3,1
DA:5,1
LF:2
LH:2
BRF:0
BRH:0
end_of_record
